#! /usr/bin/vvp
:ivl_version "10.1 (stable)";
:ivl_delay_selection "TYPICAL";
:vpi_time_precision + 0;
:vpi_module "system";
:vpi_module "vhdl_sys";
:vpi_module "v2005_math";
:vpi_module "va_math";
S_0x55dae2952ba0 .scope module, "control_unit_testbench" "control_unit_testbench" 2 163;
 .timescale 0 0;
v0x55dae2975170_0 .var "CLK", 0 0;
v0x55dae2975240_0 .net "IMMEDIATE", 7 0, v0x55dae2971cb0_0;  1 drivers
v0x55dae2975330_0 .var "INS", 31 0;
v0x55dae2975400_0 .net "INaddr", 2 0, v0x55dae2952f70_0;  1 drivers
v0x55dae29754f0_0 .net "OUT", 7 0, L_0x55dae2976130;  1 drivers
v0x55dae2975650_0 .net "OUT1", 7 0, v0x55dae2973c50_0;  1 drivers
v0x55dae2975710_0 .net "OUT1addr", 2 0, v0x55dae2971e50_0;  1 drivers
v0x55dae2975820_0 .net "OUT2", 7 0, v0x55dae2973d30_0;  1 drivers
v0x55dae2975930_0 .net "OUT2addr", 2 0, v0x55dae2971f30_0;  1 drivers
v0x55dae29759f0_0 .net "RESULT", 7 0, L_0x55dae2976340;  1 drivers
v0x55dae2975b00_0 .net "SELECT", 2 0, v0x55dae2972060_0;  1 drivers
v0x55dae2975c10_0 .net "addSubMUX", 0 0, v0x55dae2972200_0;  1 drivers
v0x55dae2975d00_0 .net "addSubMUXout", 7 0, v0x55dae2974320_0;  1 drivers
v0x55dae2975e10_0 .net "imValueMUX", 0 0, v0x55dae2972140_0;  1 drivers
v0x55dae2975f00_0 .net "immediateValue", 7 0, v0x55dae2974a30_0;  1 drivers
S_0x55dae2952d20 .scope module, "CU" "ControlUnit" 2 181, 2 124 0, S_0x55dae2952ba0;
 .timescale 0 0;
    .port_info 0 /INPUT 32 "INS"
    .port_info 1 /OUTPUT 3 "OUT1addr"
    .port_info 2 /OUTPUT 3 "OUT2addr"
    .port_info 3 /OUTPUT 3 "DESTINATION"
    .port_info 4 /OUTPUT 8 "IMMEDIATE"
    .port_info 5 /OUTPUT 3 "SELECT"
    .port_info 6 /OUTPUT 1 "twosCompMux"
    .port_info 7 /OUTPUT 1 "imValueMux"
v0x55dae2952f70_0 .var "DESTINATION", 2 0;
v0x55dae2971cb0_0 .var "IMMEDIATE", 7 0;
v0x55dae2971d90_0 .net "INS", 31 0, v0x55dae2975330_0;  1 drivers
v0x55dae2971e50_0 .var "OUT1addr", 2 0;
v0x55dae2971f30_0 .var "OUT2addr", 2 0;
v0x55dae2972060_0 .var "SELECT", 2 0;
v0x55dae2972140_0 .var "imValueMux", 0 0;
v0x55dae2972200_0 .var "twosCompMux", 0 0;
E_0x55dae2925db0 .event edge, v0x55dae2971d90_0;
S_0x55dae2972410 .scope module, "myAlu" "ALU" 2 190, 2 1 0, S_0x55dae2952ba0;
 .timescale 0 0;
    .port_info 0 /INPUT 8 "DATA1"
    .port_info 1 /INPUT 8 "DATA2"
    .port_info 2 /INPUT 3 "SELECT"
    .port_info 3 /OUTPUT 8 "RESULT"
L_0x55dae29761d0 .functor BUFZ 8, v0x55dae2974a30_0, C4<00000000>, C4<00000000>, C4<00000000>;
L_0x55dae2976240 .functor BUFZ 8, v0x55dae2973d30_0, C4<00000000>, C4<00000000>, C4<00000000>;
L_0x55dae2976340 .functor BUFZ 8, v0x55dae2972b90_0, C4<00000000>, C4<00000000>, C4<00000000>;
v0x55dae2972640_0 .net "DATA1", 7 0, v0x55dae2974a30_0;  alias, 1 drivers
v0x55dae2972740_0 .net "DATA2", 7 0, v0x55dae2973d30_0;  alias, 1 drivers
v0x55dae2972820_0 .net "RESULT", 7 0, L_0x55dae2976340;  alias, 1 drivers
v0x55dae29728e0_0 .net "SELECT", 2 0, v0x55dae2972060_0;  alias, 1 drivers
v0x55dae29729a0_0 .net "operand1", 7 0, L_0x55dae29761d0;  1 drivers
v0x55dae2972ab0_0 .net "operand2", 7 0, L_0x55dae2976240;  1 drivers
v0x55dae2972b90_0 .var "out", 7 0;
E_0x55dae2925f00 .event edge, v0x55dae2972ab0_0, v0x55dae29729a0_0, v0x55dae2972060_0;
S_0x55dae2972cf0 .scope module, "regFile" "regfile" 2 183, 2 29 0, S_0x55dae2952ba0;
 .timescale 0 0;
    .port_info 0 /INPUT 1 "clk"
    .port_info 1 /INPUT 3 "INaddr"
    .port_info 2 /INPUT 8 "IN"
    .port_info 3 /INPUT 3 "OUT1addr"
    .port_info 4 /OUTPUT 8 "OUT1"
    .port_info 5 /INPUT 3 "OUT2addr"
    .port_info 6 /OUTPUT 8 "OUT2"
v0x55dae2972fb0_0 .net "IN", 7 0, L_0x55dae2976340;  alias, 1 drivers
v0x55dae2973090_0 .net "INaddr", 2 0, v0x55dae2952f70_0;  alias, 1 drivers
v0x55dae2973130_0 .net "OUT1", 7 0, v0x55dae2973c50_0;  alias, 1 drivers
v0x55dae2973200_0 .net "OUT1addr", 2 0, v0x55dae2971e50_0;  alias, 1 drivers
v0x55dae29732f0_0 .net "OUT2", 7 0, v0x55dae2973d30_0;  alias, 1 drivers
v0x55dae29733e0_0 .net "OUT2addr", 2 0, v0x55dae2971f30_0;  alias, 1 drivers
v0x55dae29734b0_0 .net "clk", 0 0, v0x55dae2975170_0;  1 drivers
v0x55dae2973550_0 .var "reg1", 7 0;
v0x55dae2973630_0 .var "reg2", 7 0;
v0x55dae2973710_0 .var "reg3", 7 0;
v0x55dae29737f0_0 .var "reg4", 7 0;
v0x55dae29738d0_0 .var "reg5", 7 0;
v0x55dae29739b0_0 .var "reg6", 7 0;
v0x55dae2973a90_0 .var "reg7", 7 0;
v0x55dae2973b70_0 .var "reg8", 7 0;
v0x55dae2973c50_0 .var "res1", 7 0;
v0x55dae2973d30_0 .var "res2", 7 0;
E_0x55dae2951ca0 .event posedge, v0x55dae29734b0_0;
E_0x55dae2952180 .event negedge, v0x55dae29734b0_0;
S_0x55dae2973ef0 .scope module, "source1mux" "MUX" 2 187, 2 100 0, S_0x55dae2952ba0;
 .timescale 0 0;
    .port_info 0 /INPUT 8 "IN1"
    .port_info 1 /INPUT 8 "IN2"
    .port_info 2 /INPUT 1 "SELECT"
    .port_info 3 /OUTPUT 8 "OUT"
v0x55dae2974150_0 .net "IN1", 7 0, v0x55dae2973c50_0;  alias, 1 drivers
v0x55dae2974260_0 .net "IN2", 7 0, L_0x55dae2976130;  alias, 1 drivers
v0x55dae2974320_0 .var "OUT", 7 0;
v0x55dae2974410_0 .net "SELECT", 0 0, v0x55dae2972200_0;  alias, 1 drivers
E_0x55dae29261e0 .event edge, v0x55dae2972200_0, v0x55dae2974260_0, v0x55dae2973130_0;
S_0x55dae2974570 .scope module, "source2mux" "MUX" 2 188, 2 100 0, S_0x55dae2952ba0;
 .timescale 0 0;
    .port_info 0 /INPUT 8 "IN1"
    .port_info 1 /INPUT 8 "IN2"
    .port_info 2 /INPUT 1 "SELECT"
    .port_info 3 /OUTPUT 8 "OUT"
v0x55dae2974880_0 .net "IN1", 7 0, v0x55dae2971cb0_0;  alias, 1 drivers
v0x55dae2974960_0 .net "IN2", 7 0, v0x55dae2974320_0;  alias, 1 drivers
v0x55dae2974a30_0 .var "OUT", 7 0;
v0x55dae2974b30_0 .net "SELECT", 0 0, v0x55dae2972140_0;  alias, 1 drivers
E_0x55dae2974800 .event edge, v0x55dae2972140_0, v0x55dae2974320_0, v0x55dae2971cb0_0;
S_0x55dae2974c50 .scope module, "twosComp" "TwosComp" 2 185, 2 116 0, S_0x55dae2952ba0;
 .timescale 0 0;
    .port_info 0 /INPUT 8 "IN"
    .port_info 1 /OUTPUT 8 "OUT"
v0x55dae2974e80_0 .net "IN", 7 0, v0x55dae2973c50_0;  alias, 1 drivers
v0x55dae2974fb0_0 .net "OUT", 7 0, L_0x55dae2976130;  alias, 1 drivers
L_0x7fe760d79018 .functor BUFT 1, C4<00000000>, C4<0>, C4<0>, C4<0>;
v0x55dae2975070_0 .net *"_s0", 7 0, L_0x7fe760d79018;  1 drivers
L_0x55dae2976130 .arith/sub 8, L_0x7fe760d79018, v0x55dae2973c50_0;
    .scope S_0x55dae2952d20;
T_0 ;
    %wait E_0x55dae2925db0;
    %load/vec4 v0x55dae2971d90_0;
    %parti/s 3, 24, 6;
    %assign/vec4 v0x55dae2972060_0, 0;
    %load/vec4 v0x55dae2971d90_0;
    %parti/s 8, 0, 2;
    %assign/vec4 v0x55dae2971cb0_0, 0;
    %load/vec4 v0x55dae2971d90_0;
    %parti/s 3, 0, 2;
    %assign/vec4 v0x55dae2971e50_0, 0;
    %load/vec4 v0x55dae2971d90_0;
    %parti/s 3, 8, 5;
    %assign/vec4 v0x55dae2971f30_0, 0;
    %load/vec4 v0x55dae2971d90_0;
    %parti/s 3, 16, 6;
    %assign/vec4 v0x55dae2952f70_0, 0;
    %pushi/vec4 0, 0, 1;
    %assign/vec4 v0x55dae2972200_0, 0;
    %pushi/vec4 1, 0, 1;
    %assign/vec4 v0x55dae2972140_0, 0;
    %load/vec4 v0x55dae2971d90_0;
    %parti/s 8, 24, 6;
    %dup/vec4;
    %pushi/vec4 0, 0, 8;
    %cmp/u;
    %jmp/1 T_0.0, 6;
    %dup/vec4;
    %pushi/vec4 9, 0, 8;
    %cmp/u;
    %jmp/1 T_0.1, 6;
    %jmp T_0.2;
T_0.0 ;
    %pushi/vec4 0, 0, 1;
    %assign/vec4 v0x55dae2972140_0, 0;
    %jmp T_0.2;
T_0.1 ;
    %pushi/vec4 1, 0, 1;
    %assign/vec4 v0x55dae2972200_0, 0;
    %jmp T_0.2;
T_0.2 ;
    %pop/vec4 1;
    %jmp T_0;
    .thread T_0, $push;
    .scope S_0x55dae2972cf0;
T_1 ;
    %pushi/vec4 0, 0, 8;
    %store/vec4 v0x55dae2973550_0, 0, 8;
    %end;
    .thread T_1;
    .scope S_0x55dae2972cf0;
T_2 ;
    %pushi/vec4 0, 0, 8;
    %store/vec4 v0x55dae2973630_0, 0, 8;
    %end;
    .thread T_2;
    .scope S_0x55dae2972cf0;
T_3 ;
    %pushi/vec4 0, 0, 8;
    %store/vec4 v0x55dae2973710_0, 0, 8;
    %end;
    .thread T_3;
    .scope S_0x55dae2972cf0;
T_4 ;
    %pushi/vec4 0, 0, 8;
    %store/vec4 v0x55dae29737f0_0, 0, 8;
    %end;
    .thread T_4;
    .scope S_0x55dae2972cf0;
T_5 ;
    %pushi/vec4 0, 0, 8;
    %store/vec4 v0x55dae29738d0_0, 0, 8;
    %end;
    .thread T_5;
    .scope S_0x55dae2972cf0;
T_6 ;
    %pushi/vec4 0, 0, 8;
    %store/vec4 v0x55dae29739b0_0, 0, 8;
    %end;
    .thread T_6;
    .scope S_0x55dae2972cf0;
T_7 ;
    %pushi/vec4 0, 0, 8;
    %store/vec4 v0x55dae2973a90_0, 0, 8;
    %end;
    .thread T_7;
    .scope S_0x55dae2972cf0;
T_8 ;
    %pushi/vec4 0, 0, 8;
    %store/vec4 v0x55dae2973b70_0, 0, 8;
    %end;
    .thread T_8;
    .scope S_0x55dae2972cf0;
T_9 ;
    %wait E_0x55dae2952180;
    %load/vec4 v0x55dae2973090_0;
    %pad/u 4;
    %dup/vec4;
    %pushi/vec4 1, 0, 4;
    %cmp/u;
    %jmp/1 T_9.0, 6;
    %dup/vec4;
    %pushi/vec4 2, 0, 4;
    %cmp/u;
    %jmp/1 T_9.1, 6;
    %dup/vec4;
    %pushi/vec4 3, 0, 4;
    %cmp/u;
    %jmp/1 T_9.2, 6;
    %dup/vec4;
    %pushi/vec4 4, 0, 4;
    %cmp/u;
    %jmp/1 T_9.3, 6;
    %dup/vec4;
    %pushi/vec4 5, 0, 4;
    %cmp/u;
    %jmp/1 T_9.4, 6;
    %dup/vec4;
    %pushi/vec4 6, 0, 4;
    %cmp/u;
    %jmp/1 T_9.5, 6;
    %dup/vec4;
    %pushi/vec4 7, 0, 4;
    %cmp/u;
    %jmp/1 T_9.6, 6;
    %dup/vec4;
    %pushi/vec4 8, 0, 4;
    %cmp/u;
    %jmp/1 T_9.7, 6;
    %jmp T_9.8;
T_9.0 ;
    %load/vec4 v0x55dae2972fb0_0;
    %store/vec4 v0x55dae2973550_0, 0, 8;
    %jmp T_9.8;
T_9.1 ;
    %load/vec4 v0x55dae2972fb0_0;
    %store/vec4 v0x55dae2973630_0, 0, 8;
    %jmp T_9.8;
T_9.2 ;
    %load/vec4 v0x55dae2972fb0_0;
    %store/vec4 v0x55dae2973710_0, 0, 8;
    %jmp T_9.8;
T_9.3 ;
    %load/vec4 v0x55dae2972fb0_0;
    %store/vec4 v0x55dae29737f0_0, 0, 8;
    %jmp T_9.8;
T_9.4 ;
    %load/vec4 v0x55dae2972fb0_0;
    %store/vec4 v0x55dae29738d0_0, 0, 8;
    %jmp T_9.8;
T_9.5 ;
    %load/vec4 v0x55dae2972fb0_0;
    %store/vec4 v0x55dae29739b0_0, 0, 8;
    %jmp T_9.8;
T_9.6 ;
    %load/vec4 v0x55dae2972fb0_0;
    %store/vec4 v0x55dae2973a90_0, 0, 8;
    %jmp T_9.8;
T_9.7 ;
    %load/vec4 v0x55dae2972fb0_0;
    %store/vec4 v0x55dae2973b70_0, 0, 8;
    %jmp T_9.8;
T_9.8 ;
    %pop/vec4 1;
    %jmp T_9;
    .thread T_9;
    .scope S_0x55dae2972cf0;
T_10 ;
    %wait E_0x55dae2951ca0;
    %load/vec4 v0x55dae2973200_0;
    %pad/u 4;
    %dup/vec4;
    %pushi/vec4 1, 0, 4;
    %cmp/u;
    %jmp/1 T_10.0, 6;
    %dup/vec4;
    %pushi/vec4 2, 0, 4;
    %cmp/u;
    %jmp/1 T_10.1, 6;
    %dup/vec4;
    %pushi/vec4 3, 0, 4;
    %cmp/u;
    %jmp/1 T_10.2, 6;
    %dup/vec4;
    %pushi/vec4 4, 0, 4;
    %cmp/u;
    %jmp/1 T_10.3, 6;
    %dup/vec4;
    %pushi/vec4 5, 0, 4;
    %cmp/u;
    %jmp/1 T_10.4, 6;
    %dup/vec4;
    %pushi/vec4 6, 0, 4;
    %cmp/u;
    %jmp/1 T_10.5, 6;
    %dup/vec4;
    %pushi/vec4 7, 0, 4;
    %cmp/u;
    %jmp/1 T_10.6, 6;
    %dup/vec4;
    %pushi/vec4 8, 0, 4;
    %cmp/u;
    %jmp/1 T_10.7, 6;
    %jmp T_10.8;
T_10.0 ;
    %load/vec4 v0x55dae2973550_0;
    %store/vec4 v0x55dae2973c50_0, 0, 8;
    %jmp T_10.8;
T_10.1 ;
    %load/vec4 v0x55dae2973630_0;
    %store/vec4 v0x55dae2973c50_0, 0, 8;
    %jmp T_10.8;
T_10.2 ;
    %load/vec4 v0x55dae2973710_0;
    %store/vec4 v0x55dae2973c50_0, 0, 8;
    %jmp T_10.8;
T_10.3 ;
    %load/vec4 v0x55dae29737f0_0;
    %store/vec4 v0x55dae2973c50_0, 0, 8;
    %jmp T_10.8;
T_10.4 ;
    %load/vec4 v0x55dae29738d0_0;
    %store/vec4 v0x55dae2973c50_0, 0, 8;
    %jmp T_10.8;
T_10.5 ;
    %load/vec4 v0x55dae29739b0_0;
    %store/vec4 v0x55dae2973c50_0, 0, 8;
    %jmp T_10.8;
T_10.6 ;
    %load/vec4 v0x55dae2973a90_0;
    %store/vec4 v0x55dae2973c50_0, 0, 8;
    %jmp T_10.8;
T_10.7 ;
    %load/vec4 v0x55dae2973b70_0;
    %store/vec4 v0x55dae2973c50_0, 0, 8;
    %jmp T_10.8;
T_10.8 ;
    %pop/vec4 1;
    %load/vec4 v0x55dae29733e0_0;
    %pad/u 4;
    %dup/vec4;
    %pushi/vec4 1, 0, 4;
    %cmp/u;
    %jmp/1 T_10.9, 6;
    %dup/vec4;
    %pushi/vec4 2, 0, 4;
    %cmp/u;
    %jmp/1 T_10.10, 6;
    %dup/vec4;
    %pushi/vec4 3, 0, 4;
    %cmp/u;
    %jmp/1 T_10.11, 6;
    %dup/vec4;
    %pushi/vec4 4, 0, 4;
    %cmp/u;
    %jmp/1 T_10.12, 6;
    %dup/vec4;
    %pushi/vec4 5, 0, 4;
    %cmp/u;
    %jmp/1 T_10.13, 6;
    %dup/vec4;
    %pushi/vec4 6, 0, 4;
    %cmp/u;
    %jmp/1 T_10.14, 6;
    %dup/vec4;
    %pushi/vec4 7, 0, 4;
    %cmp/u;
    %jmp/1 T_10.15, 6;
    %dup/vec4;
    %pushi/vec4 8, 0, 4;
    %cmp/u;
    %jmp/1 T_10.16, 6;
    %jmp T_10.17;
T_10.9 ;
    %load/vec4 v0x55dae2973550_0;
    %store/vec4 v0x55dae2973d30_0, 0, 8;
    %jmp T_10.17;
T_10.10 ;
    %load/vec4 v0x55dae2973630_0;
    %store/vec4 v0x55dae2973d30_0, 0, 8;
    %jmp T_10.17;
T_10.11 ;
    %load/vec4 v0x55dae2973710_0;
    %store/vec4 v0x55dae2973d30_0, 0, 8;
    %jmp T_10.17;
T_10.12 ;
    %load/vec4 v0x55dae29737f0_0;
    %store/vec4 v0x55dae2973d30_0, 0, 8;
    %jmp T_10.17;
T_10.13 ;
    %load/vec4 v0x55dae29738d0_0;
    %store/vec4 v0x55dae2973d30_0, 0, 8;
    %jmp T_10.17;
T_10.14 ;
    %load/vec4 v0x55dae29739b0_0;
    %store/vec4 v0x55dae2973d30_0, 0, 8;
    %jmp T_10.17;
T_10.15 ;
    %load/vec4 v0x55dae2973a90_0;
    %store/vec4 v0x55dae2973d30_0, 0, 8;
    %jmp T_10.17;
T_10.16 ;
    %load/vec4 v0x55dae2973b70_0;
    %store/vec4 v0x55dae2973d30_0, 0, 8;
    %jmp T_10.17;
T_10.17 ;
    %pop/vec4 1;
    %jmp T_10;
    .thread T_10;
    .scope S_0x55dae2973ef0;
T_11 ;
    %wait E_0x55dae29261e0;
    %load/vec4 v0x55dae2974410_0;
    %dup/vec4;
    %pushi/vec4 0, 0, 1;
    %cmp/u;
    %jmp/1 T_11.0, 6;
    %dup/vec4;
    %pushi/vec4 1, 0, 1;
    %cmp/u;
    %jmp/1 T_11.1, 6;
    %jmp T_11.2;
T_11.0 ;
    %load/vec4 v0x55dae2974150_0;
    %assign/vec4 v0x55dae2974320_0, 0;
    %jmp T_11.2;
T_11.1 ;
    %load/vec4 v0x55dae2974260_0;
    %assign/vec4 v0x55dae2974320_0, 0;
    %jmp T_11.2;
T_11.2 ;
    %pop/vec4 1;
    %jmp T_11;
    .thread T_11, $push;
    .scope S_0x55dae2974570;
T_12 ;
    %wait E_0x55dae2974800;
    %load/vec4 v0x55dae2974b30_0;
    %dup/vec4;
    %pushi/vec4 0, 0, 1;
    %cmp/u;
    %jmp/1 T_12.0, 6;
    %dup/vec4;
    %pushi/vec4 1, 0, 1;
    %cmp/u;
    %jmp/1 T_12.1, 6;
    %jmp T_12.2;
T_12.0 ;
    %load/vec4 v0x55dae2974880_0;
    %assign/vec4 v0x55dae2974a30_0, 0;
    %jmp T_12.2;
T_12.1 ;
    %load/vec4 v0x55dae2974960_0;
    %assign/vec4 v0x55dae2974a30_0, 0;
    %jmp T_12.2;
T_12.2 ;
    %pop/vec4 1;
    %jmp T_12;
    .thread T_12, $push;
    .scope S_0x55dae2972410;
T_13 ;
    %wait E_0x55dae2925f00;
    %load/vec4 v0x55dae29728e0_0;
    %dup/vec4;
    %pushi/vec4 0, 0, 3;
    %cmp/u;
    %jmp/1 T_13.0, 6;
    %dup/vec4;
    %pushi/vec4 1, 0, 3;
    %cmp/u;
    %jmp/1 T_13.1, 6;
    %dup/vec4;
    %pushi/vec4 2, 0, 3;
    %cmp/u;
    %jmp/1 T_13.2, 6;
    %dup/vec4;
    %pushi/vec4 3, 0, 3;
    %cmp/u;
    %jmp/1 T_13.3, 6;
    %jmp T_13.4;
T_13.0 ;
    %load/vec4 v0x55dae29729a0_0;
    %store/vec4 v0x55dae2972b90_0, 0, 8;
    %jmp T_13.4;
T_13.1 ;
    %load/vec4 v0x55dae29729a0_0;
    %load/vec4 v0x55dae2972ab0_0;
    %add;
    %store/vec4 v0x55dae2972b90_0, 0, 8;
    %jmp T_13.4;
T_13.2 ;
    %load/vec4 v0x55dae29729a0_0;
    %load/vec4 v0x55dae2972ab0_0;
    %and;
    %store/vec4 v0x55dae2972b90_0, 0, 8;
    %jmp T_13.4;
T_13.3 ;
    %load/vec4 v0x55dae29729a0_0;
    %load/vec4 v0x55dae2972ab0_0;
    %or;
    %store/vec4 v0x55dae2972b90_0, 0, 8;
    %jmp T_13.4;
T_13.4 ;
    %pop/vec4 1;
    %jmp T_13;
    .thread T_13, $push;
    .scope S_0x55dae2952ba0;
T_14 ;
    %pushi/vec4 0, 0, 1;
    %store/vec4 v0x55dae2975170_0, 0, 1;
    %end;
    .thread T_14;
    .scope S_0x55dae2952ba0;
T_15 ;
    %delay 10, 0;
    %load/vec4 v0x55dae2975170_0;
    %inv;
    %store/vec4 v0x55dae2975170_0, 0, 1;
    %jmp T_15;
    .thread T_15;
    .scope S_0x55dae2952ba0;
T_16 ;
    %pushi/vec4 327679, 65280, 32;
    %store/vec4 v0x55dae2975330_0, 0, 32;
    %delay 40, 0;
    %vpi_call 2 196 "$display", "load x        %b", v0x55dae29759f0_0 {0 0 0};
    %pushi/vec4 458666, 65280, 32;
    %store/vec4 v0x55dae2975330_0, 0, 32;
    %delay 40, 0;
    %vpi_call 2 200 "$display", "load y        %b", v0x55dae29759f0_0 {0 0 0};
    %pushi/vec4 262075, 65280, 32;
    %store/vec4 v0x55dae2975330_0, 0, 32;
    %delay 40, 0;
    %vpi_call 2 204 "$display", "load z        %b", v0x55dae29759f0_0 {0 0 0};
    %pushi/vec4 17106435, 0, 32;
    %store/vec4 v0x55dae2975330_0, 0, 32;
    %delay 40, 0;
    %vpi_call 2 208 "$display", "p=y+z         %b", v0x55dae29759f0_0 {0 0 0};
    %pushi/vec4 33620997, 0, 32;
    %store/vec4 v0x55dae2975330_0, 0, 32;
    %delay 40, 0;
    %vpi_call 2 212 "$display", "q=x & p       %b", v0x55dae29759f0_0 {0 0 0};
    %pushi/vec4 50462982, 0, 32;
    %store/vec4 v0x55dae2975330_0, 0, 32;
    %delay 40, 0;
    %vpi_call 2 216 "$display", "r=q | y       %b", v0x55dae29759f0_0 {0 0 0};
    %pushi/vec4 135266050, 65280, 32;
    %store/vec4 v0x55dae2975330_0, 0, 32;
    %delay 40, 0;
    %vpi_call 2 220 "$display", "s = r         %b", v0x55dae29759f0_0 {0 0 0};
    %pushi/vec4 151260931, 0, 32;
    %store/vec4 v0x55dae2975330_0, 0, 32;
    %delay 40, 0;
    %vpi_call 2 224 "$display", "w=s-z         %b", v0x55dae29759f0_0 {0 0 0};
    %vpi_call 2 227 "$finish" {0 0 0};
    %end;
    .thread T_16;
# The file index is used to find the file name in the following table.
:file_names 3;
    "N/A";
    "<interactive>";
    "processor.v";
